Start listening to the port...
Connected to the client...
Receiving data from the client...
Connected to the client...
Receiving data from the client...
Connected to the client...
Disabling the client...
Stopping the server...
Start listening to the port...
Connected to the client...
Receiving data from the client...
Connected to the client...
Receiving data from the client...
Connected to the client...
Disabling the client...
Stopping the server...
Receiving data from the client...
Connected to the client...
Disabling the client...
Stopping the server...
Start listening to the port...
Connected to the client...
Receiving data from the client...
Connected to the client...
Receiving data from the client...
Connected to the client...
Disabling the client...
Stopping the server...
Receiving data from the client...
Connected to the client...
Disabling the client...
Stopping the server...
Receiving data from the client...
Connected to the client...
Disabling the client...
Stopping the server...
Connected to the server...
Sending data to the server...
Receiving data from the server...
Sending data to the server...
Receiving data from the server...
Sending data to the server...
Receiving data from the server...
Disconnecting the server connection...
Start listening to the port...
Connected to the client...
Receiving data from the client...
Connected to the client...
Receiving data from the client...
Connected to the client...
Disabling the client...
Stopping the server...
Start listening to the port...
Connected to the client...
Receiving data from the client...
Connected to the client...
Receiving data from the client...
Connected to the client...
Disabling the client...
Stopping the server...
Receiving data from the client...
Connected to the client...
Disabling the client...
Stopping the server...
Connected to the server...
Sending data to the server...
Receiving data from the server...
Sending data to the server...
Receiving data from the server...
Disconnecting the server connection...
Start listening to the port...
Connected to the client...
Receiving data from the client...
Connected to the client...
Receiving data from the client...
Connected to the client...
Disabling the client...
Stopping the server...
Start listening to the port...
Connected to the client...
Receiving data from the client...
Connected to the client...
Receiving data from the client...
Connected to the client...
Disabling the client...
Stopping the server...
Receiving data from the client...
Connected to the client...
Receiving data from the client...
Connected to the client...
Sending data to the client...
Disabling the client...
Stopping the server...
Start listening to the port...
Connected to the client...
Receiving data from the client...
Connected to the client...
Receiving data from the client...
Connected to the client...
Disabling the client...
Stopping the server...
Receiving data from the client...
Connected to the client...
Receiving data from the client...
Connected to the client...
Sending data to the client...
Disabling the client...
Stopping the server...
Receiving data from the client...
Connected to the client...
Sending data to the client...
Disabling the client...
Stopping the server...
Connected to the server...
Sending data to the server...
Receiving data from the server...
Sending data to the server...
Receiving data from the server...
Disconnecting the server connection...
Connected to the server...
Sending data to the server...
Receiving data from the server...
Receiving data from the server...
Receiving data from the server...
Disconnecting the server connection...
Start listening to the port...
Connected to the client...
Receiving data from the client...
Connected to the client...
Receiving data from the client...
Connected to the client...
Disabling the client...
Stopping the server...
Start listening to the port...
Connected to the client...
Receiving data from the client...
Connected to the client...
Receiving data from the client...
Connected to the client...
Disabling the client...
Stopping the server...
Receiving data from the client...
Connected to the client...
Disabling the client...
Stopping the server...
Connected to the server...
Sending data to the server...
Receiving data from the server...
Sending data to the server...
Receiving data from the server...
Disconnecting the server connection...
Start listening to the port...
Connected to the client...
Receiving data from the client...
Connected to the client...
Receiving data from the client...
Connected to the client...
Disabling the client...
Stopping the server...
Receiving data from the client...
Connected to the client...
Disabling the client...
Stopping the server...
Receiving data from the client...
Connected to the client...
Receiving data from the client...
Connected to the client...
Sending data to the client...
Disabling the client...
Stopping the server...
Connected to the client...
Connected to the server...
Sending data to the server...
Receiving data from the server...
Disconnecting the server connection...
Start listening to the port...
Connected to the client...
Receiving data from the client...
Connected to the client...
Receiving data from the client...
Connected to the client...
Disabling the client...
Stopping the server...
Receiving data from the client...
Connected to the client...
Disabling the client...
Stopping the server...
Receiving data from the client...
Connected to the client...
Receiving data from the client...
Connected to the client...
Sending data to the client...
Disabling the client...
Stopping the server...
Connected to the client...
Receiving data from the client...
Connected to the client...
Receiving data from the client...
Connected to the client...
Sending data to the client...
Connected to the client...
Sending data to the client...
Disabling the client...
Stopping the server...
Connected to the client...
